NODE_ENV=development: using in-memory storage by default
Relaxing TLS certificate validation for development (NODE_TLS_REJECT_UNAUTHORIZED=0)
DATABASE_URL: Set
PORT: 8000
NODE_ENV: development
Fixed admin user created: testcraftworld
Fixed author user created: author
Legacy admin user created
Default category created: Technology
Default category created: Business
Default category created: Design
Default category created: Lifestyle
Default category created: Marketing
Creating sample blog posts...
Created post: The Future of Artificial Intelligence: Trends and Predictions for 2024
Created post: Building a Successful Startup: Essential Strategies for Entrepreneurs
Created post: Modern Web Design Principles: Creating User-Centric Digital Experiences
Created post: Achieving Work-Life Balance in the Digital Age
Created post: Content Marketing Mastery: Strategies That Drive Results
Sample posts creation completed!
12:16:28 AM [express] serving on port 8000
Browserslist: browsers data (caniuse-lite) is 12 months old. Please run:
  npx update-browserslist-db@latest
  Why you should do it regularly: https://github.com/browserslist/update-db#readme

A PostCSS plugin did not pass the `from` option to `postcss.parse`. This may cause imported assets to be incorrectly transformed. If you've recently added a PostCSS plugin that raised this warning, please contact the package author to fix the issue.
12:16:32 AM [express] GET /api/admin/posts 200 in 5ms :: [{"title":"The Future of Artificial Intellig…
12:16:37 AM [express] GET /api/health 200 in 5ms :: {"status":"ok","timestamp":"2025-10-06T18:46:37.4…
12:16:39 AM [express] GET /api/admin/posts 200 in 1ms :: [{"title":"The Future of Artificial Intellig…
12:16:42 AM [express] GET /api/admin/users 200 in 0ms :: [{"id":"ca25e433-b527-4e00-a6a1-ee7bad803090…
12:17:02 AM [express] GET /api/admin/posts 304 in 1ms :: [{"title":"The Future of Artificial Intellig…
12:17:02 AM [express] GET /api/admin/users 200 in 0ms :: [{"id":"ca25e433-b527-4e00-a6a1-ee7bad803090…
12:17:29 AM [express] GET /api/posts 200 in 3ms :: [{"title":"The Future of Artificial Intelligence: …
12:17:29 AM [express] GET /api/categories 200 in 1ms :: [{"name":"Technology","slug":"technology","de…
12:17:44 AM [express] GET /api/admin/posts 304 in 2ms :: [{"title":"The Future of Artificial Intellig…
12:17:44 AM [express] GET /api/admin/users 304 in 1ms :: [{"id":"ca25e433-b527-4e00-a6a1-ee7bad803090…
12:17:55 AM [express] GET /api/admin/posts 304 in 2ms :: [{"title":"The Future of Artificial Intellig…
12:17:58 AM [express] GET /api/admin/posts 304 in 1ms :: [{"title":"The Future of Artificial Intellig…
12:17:58 AM [express] GET /api/admin/users 304 in 1ms :: [{"id":"ca25e433-b527-4e00-a6a1-ee7bad803090…
12:18:07 AM [express] GET /api/categories 304 in 1ms :: [{"name":"Technology","slug":"technology","de…
12:18:11 AM [express] GET /api/admin/posts 304 in 0ms :: [{"title":"The Future of Artificial Intellig…
12:18:11 AM [express] GET /api/admin/users 304 in 0ms :: [{"id":"ca25e433-b527-4e00-a6a1-ee7bad803090…
12:18:15 AM [express] POST /api/admin/logout 200 in 1ms :: {"ok":true}
12:18:15 AM [express] GET /api/categories 304 in 0ms :: [{"name":"Technology","slug":"technology","de…
12:18:15 AM [express] GET /api/posts 304 in 0ms :: [{"title":"The Future of Artificial Intelligence: …
